-------------------------------------------------------------------------------
Test set: com.sun.chaincode.TryTest
-------------------------------------------------------------------------------
Tests run: 1, Failures: 1, Errors: 0, Skipped: 0, Time elapsed: 0.017 s <<< FAILURE! - in com.sun.chaincode.TryTest
init  Time elapsed: 0.012 s  <<< FAILURE!
org.opentest4j.AssertionFailedError: I must fail
	at com.sun.chaincode.TryTest.init(TryTest.java:11)

