<?xml version="1.0" encoding="UTF-8"?>
<testsuite xmlns:xsi="http://www.w3.org/2001/XMLSchema-instance" xsi:noNamespaceSchemaLocation="https://maven.apache.org/surefire/maven-surefire-plugin/xsd/surefire-test-report.xsd" name="com.sun.chaincode.TryTest" time="0.017" tests="1" errors="0" skipped="0" failures="1">
  <properties>
[...]
</properties>
  <testcase name="init" classname="com.sun.chaincode.TryTest" time="0.012">
    <failure message="I must fail" type="org.opentest4j.AssertionFailedError">org.opentest4j.AssertionFailedError: I must fail
	at com.sun.chaincode.TryTest.init(TryTest.java:11)
</failure>
  </testcase>
</testsuite>